F:\DROPBOX\邱屁屁\OPENGL_ON_A_WINDOWS_FORM (4)\OPENGL_ON_A_WINDOWS_FORM\RELEASE\OPENGL_ON_A_WINDOWS_FORM.PCH
F:\DROPBOX\邱屁屁\OPENGL_ON_A_WINDOWS_FORM (4)\OPENGL_ON_A_WINDOWS_FORM\RELEASE\STDAFX.OBJ
F:\DROPBOX\邱屁屁\OPENGL_ON_A_WINDOWS_FORM (4)\OPENGL_ON_A_WINDOWS_FORM\RELEASE\VC110.PDB
F:\DROPBOX\邱屁屁\OPENGL_ON_A_WINDOWS_FORM (4)\OPENGL_ON_A_WINDOWS_FORM\RELEASE\VISULIZATIONPANEL.OBJ
F:\DROPBOX\邱屁屁\OPENGL_ON_A_WINDOWS_FORM (4)\OPENGL_ON_A_WINDOWS_FORM\RELEASE\RAWDATAVISUALIZATION.OBJ
F:\DROPBOX\邱屁屁\OPENGL_ON_A_WINDOWS_FORM (4)\OPENGL_ON_A_WINDOWS_FORM\RELEASE\READCSV.OBJ
F:\DROPBOX\邱屁屁\OPENGL_ON_A_WINDOWS_FORM (4)\OPENGL_ON_A_WINDOWS_FORM\RELEASE\OPENGL_ON_A_WINDOWS_FORM.OBJ
F:\DROPBOX\邱屁屁\OPENGL_ON_A_WINDOWS_FORM (4)\OPENGL_ON_A_WINDOWS_FORM\RELEASE\MTXLIB.OBJ
F:\DROPBOX\邱屁屁\OPENGL_ON_A_WINDOWS_FORM (4)\OPENGL_ON_A_WINDOWS_FORM\RELEASE\HISTOGRAMVISUALIZATION.OBJ
F:\DROPBOX\邱屁屁\OPENGL_ON_A_WINDOWS_FORM (4)\OPENGL_ON_A_WINDOWS_FORM\RELEASE\DETAILVISUALIZATION.OBJ
F:\DROPBOX\邱屁屁\OPENGL_ON_A_WINDOWS_FORM (4)\OPENGL_ON_A_WINDOWS_FORM\RELEASE\ASSEMBLYINFO.OBJ
F:\DROPBOX\邱屁屁\OPENGL_ON_A_WINDOWS_FORM (4)\OPENGL_ON_A_WINDOWS_FORM\RELEASE\.NETFRAMEWORK,VERSION=V4.0.ASSEMBLYATTRIBUTES.OBJ
F:\DROPBOX\邱屁屁\OPENGL_ON_A_WINDOWS_FORM (4)\RELEASE\OPENGL_ON_A_WINDOWS_FORM.EXE
F:\DROPBOX\邱屁屁\OPENGL_ON_A_WINDOWS_FORM (4)\RELEASE\OPENGL_ON_A_WINDOWS_FORM.PDB
F:\Dropbox\邱屁屁\OpenGL_on_a_Windows_Form (4)\OpenGL_on_a_Windows_Form\Release\OpenGL_on_a_Windows_Form.Form1.resources
F:\DROPBOX\邱屁屁\OPENGL_ON_A_WINDOWS_FORM (4)\OPENGL_ON_A_WINDOWS_FORM\RELEASE\APP.RES
F:\Dropbox\邱屁屁\OpenGL_on_a_Windows_Form (4)\OpenGL_on_a_Windows_Form\Release\OpenGL_on_a_Windows_Form.vcxproj.GenerateResource.Cache
F:\Dropbox\邱屁屁\OpenGL_on_a_Windows_Form (4)\OpenGL_on_a_Windows_Form\Release\OpenGL_on_a_Windows_Form.vcxprojResolveAssemblyReference.cache
F:\Dropbox\邱屁屁\OpenGL_on_a_Windows_Form (4)\OpenGL_on_a_Windows_Form\Release\.NETFramework,Version=v4.0.AssemblyAttributes.obj
F:\Dropbox\邱屁屁\OpenGL_on_a_Windows_Form (4)\OpenGL_on_a_Windows_Form\Release\AssemblyInfo.obj
F:\Dropbox\邱屁屁\OpenGL_on_a_Windows_Form (4)\OpenGL_on_a_Windows_Form\Release\DetailVisualization.obj
F:\Dropbox\邱屁屁\OpenGL_on_a_Windows_Form (4)\OpenGL_on_a_Windows_Form\Release\HistogramVisualization.obj
F:\Dropbox\邱屁屁\OpenGL_on_a_Windows_Form (4)\OpenGL_on_a_Windows_Form\Release\mtxlib.obj
F:\Dropbox\邱屁屁\OpenGL_on_a_Windows_Form (4)\OpenGL_on_a_Windows_Form\Release\OpenGL_on_a_Windows_Form.obj
F:\Dropbox\邱屁屁\OpenGL_on_a_Windows_Form (4)\OpenGL_on_a_Windows_Form\Release\RawDataVisualization.obj
F:\Dropbox\邱屁屁\OpenGL_on_a_Windows_Form (4)\OpenGL_on_a_Windows_Form\Release\ReadCSV.obj
F:\Dropbox\邱屁屁\OpenGL_on_a_Windows_Form (4)\OpenGL_on_a_Windows_Form\Release\stdafx.obj
F:\Dropbox\邱屁屁\OpenGL_on_a_Windows_Form (4)\OpenGL_on_a_Windows_Form\Release\VisulizationPanel.obj
F:\Dropbox\邱屁屁\OpenGL_on_a_Windows_Form (4)\OpenGL_on_a_Windows_Form\Release\cl.command.1.tlog
F:\Dropbox\邱屁屁\OpenGL_on_a_Windows_Form (4)\OpenGL_on_a_Windows_Form\Release\CL.read.1.tlog
F:\Dropbox\邱屁屁\OpenGL_on_a_Windows_Form (4)\OpenGL_on_a_Windows_Form\Release\CL.write.1.tlog
F:\Dropbox\邱屁屁\OpenGL_on_a_Windows_Form (4)\OpenGL_on_a_Windows_Form\Release\link-cvtres.read.1.tlog
F:\Dropbox\邱屁屁\OpenGL_on_a_Windows_Form (4)\OpenGL_on_a_Windows_Form\Release\link-cvtres.write.1.tlog
F:\Dropbox\邱屁屁\OpenGL_on_a_Windows_Form (4)\OpenGL_on_a_Windows_Form\Release\link-mt.read.1.tlog
F:\Dropbox\邱屁屁\OpenGL_on_a_Windows_Form (4)\OpenGL_on_a_Windows_Form\Release\link-mt.write.1.tlog
F:\Dropbox\邱屁屁\OpenGL_on_a_Windows_Form (4)\OpenGL_on_a_Windows_Form\Release\link-rc.read.1.tlog
F:\Dropbox\邱屁屁\OpenGL_on_a_Windows_Form (4)\OpenGL_on_a_Windows_Form\Release\link-rc.write.1.tlog
F:\Dropbox\邱屁屁\OpenGL_on_a_Windows_Form (4)\OpenGL_on_a_Windows_Form\Release\link.command.1.tlog
F:\Dropbox\邱屁屁\OpenGL_on_a_Windows_Form (4)\OpenGL_on_a_Windows_Form\Release\link.read.1.tlog
F:\Dropbox\邱屁屁\OpenGL_on_a_Windows_Form (4)\OpenGL_on_a_Windows_Form\Release\link.write.1.tlog
F:\Dropbox\邱屁屁\OpenGL_on_a_Windows_Form (4)\OpenGL_on_a_Windows_Form\Release\metagen.read.1.tlog
F:\Dropbox\邱屁屁\OpenGL_on_a_Windows_Form (4)\OpenGL_on_a_Windows_Form\Release\metagen.write.1.tlog
F:\Dropbox\邱屁屁\OpenGL_on_a_Windows_Form (4)\OpenGL_on_a_Windows_Form\Release\OpenGL_on_a_Windows_Form.write.1.tlog
F:\Dropbox\邱屁屁\OpenGL_on_a_Windows_Form (4)\OpenGL_on_a_Windows_Form\Release\rc.command.1.tlog
F:\Dropbox\邱屁屁\OpenGL_on_a_Windows_Form (4)\OpenGL_on_a_Windows_Form\Release\rc.read.1.tlog
F:\Dropbox\邱屁屁\OpenGL_on_a_Windows_Form (4)\OpenGL_on_a_Windows_Form\Release\rc.write.1.tlog
F:\Dropbox\邱屁屁\OpenGL_on_a_Windows_Form (4)\OpenGL_on_a_Windows_Form\Release\app.res
F:\Dropbox\邱屁屁\OpenGL_on_a_Windows_Form (4)\OpenGL_on_a_Windows_Form\Release\OpenGL_on_a_Windows_Form.pch
F:\Dropbox\邱屁屁\OpenGL_on_a_Windows_Form (4)\OpenGL_on_a_Windows_Form\Release\vc110.pdb
F:\Dropbox\邱屁屁\OpenGL_on_a_Windows_Form (4)\OpenGL_on_a_Windows_Form\Release\RSAENH.DLL.bi
F:\Dropbox\邱屁屁\OpenGL_on_a_Windows_Form (4)\OpenGL_on_a_Windows_Form\Release\TZRES.DLL.bi
F:\Dropbox\邱屁屁\OpenGL_on_a_Windows_Form (4)\Release\OpenGL_on_a_Windows_Form.pdb
F:\Dropbox\邱屁屁\OpenGL_on_a_Windows_Form (4)\Release\OpenGL_on_a_Windows_Form.exe
